<?xml version="1.0" encoding="UTF-8"?>
<!-- Generated by org.testng.reporters.JUnitReportReporter -->
<testsuite name="Demo" tests="1" time="7.260" ignored="0" failures="0" timestamp="08 Jul 2020 18:18:51 GMT" skipped="0" hostname="LAPTOP-OGM2CVD7" errors="0">
  <testcase name="openbrowser" time="7.260" classname="Demo"/>
</testsuite> <!-- Demo -->
