<?xml version="1.0" encoding="UTF-8"?>
<!-- Generated by org.testng.reporters.JUnitReportReporter -->
<testsuite skipped="0" hostname="LAPTOP-OGM2CVD7" name="TestCases.LoginTestcases" tests="1" failures="0" timestamp="11 Jul 2020 11:32:10 GMT" time="191.541" errors="0">
  <testcase name="Login" time="191.541" classname="TestCases.LoginTestcases"/>
</testsuite> <!-- TestCases.LoginTestcases -->
